DEBUG:root:  File "/Users/ianzhang/Desktop/Inductive Bias of BERT/data_generation/utils/data_generator.py", line 349, in generate_paradigm
    new_data, track_sentence = self.sample()
  File "/Users/ianzhang/Desktop/Inductive Bias of BERT/data_generation/generation_projects/inductive_biases/person_lexical_content_repeated.py", line 71, in sample
    control_0_0="%s %s %s that %s %s %s %s" % (Dt[0], NP1[0], cp_verb_1[0], D2[0], NP2[0], verb_2[0], non_first_acc[0])
build_paradigm() got an unexpected keyword argument 'testd_1_0'

DEBUG:root:  File "/Users/ianzhang/Desktop/Inductive Bias of BERT/data_generation/utils/data_generator.py", line 349, in generate_paradigm
    new_data, track_sentence = self.sample()
  File "/Users/ianzhang/Desktop/Inductive Bias of BERT/data_generation/generation_projects/inductive_biases/person_lexical_content_repeated.py", line 71, in sample
    control_0_0="%s %s %s that %s %s %s %s" % (Dt[0], NP1[0], cp_verb_1[0], D2[0], NP2[0], verb_2[0], non_first_acc[0])
build_paradigm() got an unexpected keyword argument 'testd_1_0'

DEBUG:root:  File "/Users/ianzhang/Desktop/Inductive Bias of BERT/data_generation/utils/data_generator.py", line 349, in generate_paradigm
    new_data, track_sentence = self.sample()
  File "/Users/ianzhang/Desktop/Inductive Bias of BERT/data_generation/generation_projects/inductive_biases/person_lexical_content_repeated.py", line 71, in sample
    control_0_0="%s %s %s that %s %s %s %s" % (Dt[0], NP1[0], cp_verb_1[0], D2[0], NP2[0], verb_2[0], non_first_acc[0])
build_paradigm() got an unexpected keyword argument 'testd_1_0'

DEBUG:root:  File "/Users/ianzhang/Desktop/Inductive Bias of BERT/data_generation/utils/data_generator.py", line 349, in generate_paradigm
    new_data, track_sentence = self.sample()
  File "/Users/ianzhang/Desktop/Inductive Bias of BERT/data_generation/generation_projects/inductive_biases/person_lexical_content_repeated.py", line 71, in sample
    control_0_0="%s %s %s that %s %s %s %s" % (Dt[0], NP1[0], cp_verb_1[0], D2[0], NP2[0], verb_2[0], non_first_acc[0])
build_paradigm() got an unexpected keyword argument 'testd_1_0'

DEBUG:root:  File "/Users/ianzhang/Desktop/Inductive Bias of BERT/data_generation/utils/data_generator.py", line 349, in generate_paradigm
    new_data, track_sentence = self.sample()
  File "/Users/ianzhang/Desktop/Inductive Bias of BERT/data_generation/generation_projects/inductive_biases/person_lexical_content_repeated.py", line 71, in sample
    control_0_0="%s %s %s that %s %s %s %s" % (Dt[0], NP1[0], cp_verb_1[0], D2[0], NP2[0], verb_2[0], non_first_acc[0])
build_paradigm() got an unexpected keyword argument 'testd_1_0'

DEBUG:root:  File "/Users/ianzhang/Desktop/Inductive Bias of BERT/data_generation/utils/data_generator.py", line 349, in generate_paradigm
    new_data, track_sentence = self.sample()
  File "/Users/ianzhang/Desktop/Inductive Bias of BERT/data_generation/generation_projects/inductive_biases/person_lexical_content_repeated.py", line 71, in sample
    control_0_0="%s %s %s that %s %s %s %s" % (Dt[0], NP1[0], cp_verb_1[0], D2[0], NP2[0], verb_2[0], non_first_acc[0])
build_paradigm() got an unexpected keyword argument 'testd_1_0'

DEBUG:root:  File "/Users/ianzhang/Desktop/Inductive Bias of BERT/data_generation/utils/data_generator.py", line 349, in generate_paradigm
    new_data, track_sentence = self.sample()
  File "/Users/ianzhang/Desktop/Inductive Bias of BERT/data_generation/generation_projects/inductive_biases/person_lexical_content_repeated.py", line 71, in sample
    control_0_0="%s %s %s that %s %s %s %s" % (Dt[0], NP1[0], cp_verb_1[0], D2[0], NP2[0], verb_2[0], non_first_acc[0])
build_paradigm() got an unexpected keyword argument 'testd_1_0'

DEBUG:root:  File "/Users/ianzhang/Desktop/Inductive Bias of BERT/data_generation/utils/data_generator.py", line 349, in generate_paradigm
    new_data, track_sentence = self.sample()
  File "/Users/ianzhang/Desktop/Inductive Bias of BERT/data_generation/generation_projects/inductive_biases/person_lexical_content_repeated.py", line 71, in sample
    control_0_0="%s %s %s that %s %s %s %s" % (Dt[0], NP1[0], cp_verb_1[0], D2[0], NP2[0], verb_2[0], non_first_acc[0])
build_paradigm() got an unexpected keyword argument 'testd_1_0'

DEBUG:root:  File "/Users/ianzhang/Desktop/Inductive Bias of BERT/data_generation/utils/data_generator.py", line 349, in generate_paradigm
    new_data, track_sentence = self.sample()
  File "/Users/ianzhang/Desktop/Inductive Bias of BERT/data_generation/generation_projects/inductive_biases/person_lexical_content_repeated.py", line 71, in sample
    control_0_0="%s %s %s that %s %s %s %s" % (Dt[0], NP1[0], cp_verb_1[0], D2[0], NP2[0], verb_2[0], non_first_acc[0])
build_paradigm() got an unexpected keyword argument 'testd_1_0'

DEBUG:root:  File "/Users/ianzhang/Desktop/Inductive Bias of BERT/data_generation/utils/data_generator.py", line 349, in generate_paradigm
    new_data, track_sentence = self.sample()
  File "/Users/ianzhang/Desktop/Inductive Bias of BERT/data_generation/generation_projects/inductive_biases/person_lexical_content_repeated.py", line 71, in sample
    control_0_0="%s %s %s that %s %s %s %s" % (Dt[0], NP1[0], cp_verb_1[0], D2[0], NP2[0], verb_2[0], non_first_acc[0])
build_paradigm() got an unexpected keyword argument 'testd_1_0'

